20:30:55.012 [main] INFO  com.inetbanking.testcases.TC01_LoginTest - Log into the application...
20:30:55.049 [main] INFO  com.inetbanking.testcases.TC01_LoginTest - Logged ito application successfully..
22:18:25.851 [main] INFO  com.inetbanking.testcases.BaseClass - Log into the application...
22:18:26.047 [main] INFO  com.inetbanking.testcases.BaseClass - Logged ito application successfully..
14:52:34.413 [main] INFO  com.inetbanking.testcases.BaseClass - Log into the application...
14:52:34.543 [main] INFO  com.inetbanking.testcases.BaseClass - Logged ito application successfully..
15:50:49.754 [main] INFO  com.inetbanking.testcases.BaseClass - Log into the application...
15:50:49.775 [main] INFO  com.inetbanking.testcases.BaseClass - Logged ito application successfully..
15:52:31.427 [main] INFO  com.inetbanking.testcases.BaseClass - Log into the application...
15:52:31.465 [main] INFO  com.inetbanking.testcases.BaseClass - Logged ito application successfully..
15:53:56.816 [main] INFO  com.inetbanking.testcases.BaseClass - Log into the application...
15:53:56.843 [main] INFO  com.inetbanking.testcases.BaseClass - Logged ito application successfully..
15:56:38.504 [main] INFO  com.inetbanking.testcases.BaseClass - Log into the application...
15:56:38.526 [main] INFO  com.inetbanking.testcases.BaseClass - Logged ito application successfully..
15:57:45.232 [main] INFO  com.inetbanking.testcases.BaseClass - Log into the application...
15:57:45.252 [main] INFO  com.inetbanking.testcases.BaseClass - Logged ito application successfully..
15:59:54.030 [main] INFO  com.inetbanking.testcases.BaseClass - Log into the application...
15:59:54.054 [main] INFO  com.inetbanking.testcases.BaseClass - Logged ito application successfully..
16:01:24.701 [main] INFO  com.inetbanking.testcases.BaseClass - Log into the application...
16:01:24.726 [main] INFO  com.inetbanking.testcases.BaseClass - Logged ito application successfully..
16:02:36.007 [main] INFO  com.inetbanking.testcases.BaseClass - Log into the application...
16:02:36.027 [main] INFO  com.inetbanking.testcases.BaseClass - Logged ito application successfully..
16:04:04.382 [main] INFO  com.inetbanking.testcases.BaseClass - Log into the application...
16:04:04.404 [main] INFO  com.inetbanking.testcases.BaseClass - Logged ito application successfully..
16:10:00.028 [main] INFO  com.inetbanking.testcases.BaseClass - Log into the application...
16:10:00.048 [main] INFO  com.inetbanking.testcases.BaseClass - Logged ito application successfully..
15:03:35.283 [main] INFO  com.inetbanking.testcases.BaseClass - Log into the application...
15:03:35.930 [main] INFO  com.inetbanking.testcases.BaseClass - Logged ito application successfully..
13:54:06.065 [main] INFO  com.inetbanking.testcases.BaseClass - Log into the application...
13:54:06.543 [main] INFO  com.inetbanking.testcases.BaseClass - Logged ito application successfully..
14:15:44.711 [main] INFO  com.inetbanking.testcases.BaseClass - Log into the application...
14:15:44.758 [main] INFO  com.inetbanking.testcases.BaseClass - Logged ito application successfully..
14:35:05.749 [main] INFO  com.inetbanking.testcases.BaseClass - Log into the application...
14:42:12.533 [main] INFO  com.inetbanking.testcases.BaseClass - Log into the application...
14:42:15.413 [main] INFO  com.inetbanking.testcases.BaseClass - Login Passed.
14:43:11.694 [main] INFO  com.inetbanking.testcases.BaseClass - Log into the application...
14:43:14.677 [main] INFO  com.inetbanking.testcases.BaseClass - Login Passed.
14:47:37.712 [main] INFO  com.inetbanking.testcases.BaseClass - Log into the application...
14:47:41.624 [main] INFO  com.inetbanking.testcases.BaseClass - Login Passed.
14:47:43.260 [main] INFO  com.inetbanking.testcases.BaseClass - Log into the application...
14:50:21.185 [main] INFO  com.inetbanking.testcases.BaseClass - Log into the application...
14:50:23.982 [main] INFO  com.inetbanking.testcases.BaseClass - Login Passed.
14:50:25.036 [main] INFO  com.inetbanking.testcases.BaseClass - Log into the application...
14:53:50.124 [main] INFO  com.inetbanking.testcases.BaseClass - Log into the application...
14:53:52.817 [main] INFO  com.inetbanking.testcases.BaseClass - Login Passed.
14:53:53.870 [main] INFO  com.inetbanking.testcases.BaseClass - Log into the application...
14:56:18.537 [main] INFO  com.inetbanking.testcases.BaseClass - Log into the application...
14:56:21.300 [main] INFO  com.inetbanking.testcases.BaseClass - Login Passed.
14:56:23.317 [main] INFO  com.inetbanking.testcases.BaseClass - Log into the application...
15:00:37.936 [main] INFO  com.inetbanking.testcases.BaseClass - Log into the application...
15:00:40.496 [main] INFO  com.inetbanking.testcases.BaseClass - Login Passed.
15:00:41.548 [main] INFO  com.inetbanking.testcases.BaseClass - Log into the application...
17:40:42.882 [main] INFO  com.inetbanking.testcases.BaseClass - Log into the application...
17:40:45.564 [main] INFO  com.inetbanking.testcases.BaseClass - Login Passed.
17:40:46.808 [main] INFO  com.inetbanking.testcases.BaseClass - Log into the application...
14:20:43.947 [main] INFO  com.inetbanking.testcases.BaseClass - Log into the application...
14:20:47.068 [main] INFO  com.inetbanking.testcases.BaseClass - Log into the application...
14:22:41.535 [main] INFO  com.inetbanking.testcases.BaseClass - Log into the application...
14:27:38.467 [main] INFO  com.inetbanking.testcases.BaseClass - Log into the application...
14:27:38.603 [main] INFO  com.inetbanking.testcases.BaseClass - Logged ito application successfully..
